<?xml version="1.0" encoding="UTF-8"?>
<testsuite xmlns:xsi="http://www.w3.org/2001/XMLSchema-instance" xsi:noNamespaceSchemaLocation="https://maven.apache.org/surefire/maven-surefire-plugin/xsd/surefire-test-report.xsd" name="com.example.presta.PrestaApplicationTests" time="19.753" tests="8" errors="0" skipped="0" failures="0">
  <properties>
[...]
</properties>
  <testcase name="testinscriptionconnexioncompletesuppression" classname="com.example.presta.PrestaApplicationTests" time="1.554"/>
  <testcase name="ajoutcategorie" classname="com.example.presta.PrestaApplicationTests" time="0.101"/>
  <testcase name="ajouteremploye" classname="com.example.presta.PrestaApplicationTests" time="0.115"/>
  <testcase name="Entreprise" classname="com.example.presta.PrestaApplicationTests" time="0.192"/>
  <testcase name="feedback" classname="com.example.presta.PrestaApplicationTests" time="0.497"/>
  <testcase name="checkadminexist" classname="com.example.presta.PrestaApplicationTests" time="0.017"/>
  <testcase name="timestamp{TestInfo, TestReporter}" classname="com.example.presta.PrestaApplicationTests" time="0"/>
  <testcase name="ajoutermodifierdemande" classname="com.example.presta.PrestaApplicationTests" time="0.399"/>
</testsuite>